#
# There is insufficient memory for the Java Runtime Environment to continue.
# Native memory allocation (malloc) failed to allocate 65552 bytes for Chunk::new
# Possible reasons:
#   The system is out of physical RAM or swap space
#   In 32 bit mode, the process size limit was hit
# Possible solutions:
#   Reduce memory load on the system
#   Increase physical memory or swap space
#   Check if swap backing store is full
#   Use 64 bit Java on a 64 bit OS
#   Decrease Java heap size (-Xmx/-Xms)
#   Decrease number of Java threads
#   Decrease Java thread stack sizes (-Xss)
#   Set larger code cache with -XX:ReservedCodeCacheSize=
# This output file may be truncated or incomplete.
#
#  Out of Memory Error (allocation.cpp:390), pid=16172, tid=0x00000000000036cc
#
# JRE version: OpenJDK Runtime Environment (8.0_76-b03) (build 1.8.0_76-release-b03)
# Java VM: OpenJDK 64-Bit Server VM (25.76-b03 mixed mode windows-amd64 compressed oops)
# Failed to write core dump. Minidumps are not enabled by default on client versions of Windows
#

---------------  T H R E A D  ---------------

Current thread (0x0000000014a94000):  JavaThread "C2 CompilerThread0" daemon [_thread_in_native, id=14028, stack(0x00000000160f0000,0x00000000161f0000)]

Stack: [0x00000000160f0000,0x00000000161f0000]
[error occurred during error reporting (printing stack bounds), id 0xc0000005]

Native frames: (J=compiled Java code, j=interpreted, Vv=VM code, C=native code)


Current CompileTask:
C2:   2530 1214       4       com.android.dx.ssa.SCCP::simulateBranch (666 bytes)


---------------  P R O C E S S  ---------------

Java Threads: ( => current thread )
  0x0000000016478800 JavaThread "pool-2-thread-4" [_thread_in_Java, id=15296, stack(0x0000000016df0000,0x0000000016ef0000)]
  0x0000000016472800 JavaThread "pool-3-thread-1" [_thread_blocked, id=14812, stack(0x0000000016af0000,0x0000000016bf0000)]
  0x0000000014aee000 JavaThread "Service Thread" daemon [_thread_blocked, id=16980, stack(0x00000000167f0000,0x00000000168f0000)]
  0x0000000014a9b800 JavaThread "C1 CompilerThread2" daemon [_thread_in_native, id=14416, stack(0x00000000166f0000,0x00000000167f0000)]
  0x0000000014a98000 JavaThread "C2 CompilerThread1" daemon [_thread_in_native, id=11080, stack(0x00000000161f0000,0x00000000162f0000)]
=>0x0000000014a94000 JavaThread "C2 CompilerThread0" daemon [_thread_in_native, id=14028, stack(0x00000000160f0000,0x00000000161f0000)]
  0x0000000014a93000 JavaThread "Attach Listener" daemon [_thread_blocked, id=15972, stack(0x0000000015ff0000,0x00000000160f0000)]
  0x0000000014ae0800 JavaThread "Signal Dispatcher" daemon [_thread_blocked, id=8916, stack(0x0000000015ef0000,0x0000000015ff0000)]
  0x00000000023b5800 JavaThread "Finalizer" daemon [_thread_blocked, id=5192, stack(0x0000000015cf0000,0x0000000015df0000)]
  0x00000000023b0800 JavaThread "Reference Handler" daemon [_thread_blocked, id=15904, stack(0x0000000015bf0000,0x0000000015cf0000)]
  0x00000000022c0800 JavaThread "main" [_thread_blocked, id=14856, stack(0x00000000021c0000,0x00000000022c0000)]

Other Threads:
  0x0000000014a54800 VMThread [stack: 0x0000000015af0000,0x0000000015bf0000] [id=5676]
  0x000000001633b800 WatcherThread [stack: 0x00000000168f0000,0x00000000169f0000] [id=1984]

VM state:not at safepoint (normal execution)

VM Mutex/Monitor currently owned by a thread: None

Heap:
 PSYoungGen      total 38400K, used 8800K [0x00000000eab00000, 0x00000000ed580000, 0x0000000100000000)
  eden space 33280K, 11% used [0x00000000eab00000,0x00000000eae9c5a8,0x00000000ecb80000)
  from space 5120K, 99% used [0x00000000ecb80000,0x00000000ed07bbb0,0x00000000ed080000)
  to   space 5120K, 0% used [0x00000000ed080000,0x00000000ed080000,0x00000000ed580000)
 ParOldGen       total 87552K, used 1248K [0x00000000c0000000, 0x00000000c5580000, 0x00000000eab00000)
  object space 87552K, 1% used [0x00000000c0000000,0x00000000c0138038,0x00000000c5580000)
 Metaspace       used 6286K, capacity 6936K, committed 7168K, reserved 1056768K
  class space    used 605K, capacity 656K, committed 768K, reserved 1048576K

Card table byte_map: [0x0000000011780000,0x0000000011990000] byte_map_base: 0x0000000011180000

Marking Bits: (ParMarkBitMap*) 0x0000000070bc9d00
 Begin Bits: [0x0000000011ef0000, 0x0000000012ef0000)
 End Bits:   [0x0000000012ef0000, 0x0000000013ef0000)

Polling page: 0x0000000000910000

CodeCache: size=245760Kb used=4919Kb max_used=4919Kb free=240840Kb
 bounds [0x00000000023c0000, 0x00000000028a0000, 0x00000000113c0000]
 total_blobs=1509 nmethods=1230 adapters=193
 compilation: enabled

Compilation events (10 events):
Event: 2.524 Thread 0x0000000014a9b800 nmethod 1231 0x0000000002880710 code [0x0000000002880b00, 0x0000000002882e88]
Event: 2.526 Thread 0x0000000014a9b800 1234       3       com.android.dx.ssa.DomFront::run (264 bytes)
Event: 2.527 Thread 0x0000000014a9b800 nmethod 1234 0x0000000002884a90 code [0x0000000002885000, 0x0000000002888668]
Event: 2.527 Thread 0x0000000014a9b800 1237       3       com.android.dx.ssa.SsaRenamer::access$600 (6 bytes)
Event: 2.528 Thread 0x0000000014a9b800 nmethod 1237 0x000000000288a510 code [0x000000000288a680, 0x000000000288a9a8]
Event: 2.528 Thread 0x0000000014a9b800 1239       3       com.android.dx.ssa.SsaRenamer$BlockRenamer::visitMoveInsn (271 bytes)
Event: 2.529 Thread 0x0000000014a9b800 nmethod 1239 0x000000000288aad0 code [0x000000000288afa0, 0x000000000288e588]
Event: 2.529 Thread 0x0000000014a9b800 1238       3       com.android.dx.ssa.SsaRenamer::equalsHandlesNulls (23 bytes)
Event: 2.530 Thread 0x0000000014a9b800 nmethod 1238 0x00000000028909d0 code [0x0000000002890b40, 0x0000000002890e08]
Event: 2.530 Thread 0x0000000014a9b800 1240       3       com.android.dx.ssa.SsaRenamer::access$500 (6 bytes)

GC Heap History (2 events):
Event: 2.492 GC heap before
{Heap before GC invocations=1 (full 0):
 PSYoungGen      total 38400K, used 33280K [0x00000000eab00000, 0x00000000ed580000, 0x0000000100000000)
  eden space 33280K, 100% used [0x00000000eab00000,0x00000000ecb80000,0x00000000ecb80000)
  from space 5120K, 0% used [0x00000000ed080000,0x00000000ed080000,0x00000000ed580000)
  to   space 5120K, 0% used [0x00000000ecb80000,0x00000000ecb80000,0x00000000ed080000)
 ParOldGen       total 87552K, used 0K [0x00000000c0000000, 0x00000000c5580000, 0x00000000eab00000)
  object space 87552K, 0% used [0x00000000c0000000,0x00000000c0000000,0x00000000c5580000)
 Metaspace       used 6262K, capacity 6936K, committed 7168K, reserved 1056768K
  class space    used 605K, capacity 656K, committed 768K, reserved 1048576K
Event: 2.497 GC heap after
Heap after GC invocations=1 (full 0):
 PSYoungGen      total 38400K, used 5102K [0x00000000eab00000, 0x00000000ed580000, 0x0000000100000000)
  eden space 33280K, 0% used [0x00000000eab00000,0x00000000eab00000,0x00000000ecb80000)
  from space 5120K, 99% used [0x00000000ecb80000,0x00000000ed07bbb0,0x00000000ed080000)
  to   space 5120K, 0% used [0x00000000ed080000,0x00000000ed080000,0x00000000ed580000)
 ParOldGen       total 87552K, used 1248K [0x00000000c0000000, 0x00000000c5580000, 0x00000000eab00000)
  object space 87552K, 1% used [0x00000000c0000000,0x00000000c0138038,0x00000000c5580000)
 Metaspace       used 6262K, capacity 6936K, committed 7168K, reserved 1056768K
  class space    used 605K, capacity 656K, committed 768K, reserved 1048576K
}

Deoptimization events (8 events):
Event: 0.738 Thread 0x00000000022c0800 Uncommon trap: reason=unstable_if action=reinterpret pc=0x00000000024eac90 method=java.lang.String.indexOf(II)I @ 49
Event: 2.012 Thread 0x0000000016477800 Uncommon trap: reason=unstable_if action=reinterpret pc=0x00000000027b7efc method=com.android.dx.util.IntList.binarysearch(I)I @ 105
Event: 2.021 Thread 0x0000000016478800 Uncommon trap: reason=class_check action=maybe_recompile pc=0x00000000026c828c method=com.android.dx.ssa.NormalSsaInsn.accept(Lcom/android/dx/ssa/SsaInsn$Visitor;)V @ 9
Event: 2.023 Thread 0x0000000016478800 Uncommon trap: reason=class_check action=maybe_recompile pc=0x00000000026c828c method=com.android.dx.ssa.NormalSsaInsn.accept(Lcom/android/dx/ssa/SsaInsn$Visitor;)V @ 9
Event: 2.028 Thread 0x0000000016478800 Uncommon trap: reason=class_check action=maybe_recompile pc=0x00000000026c828c method=com.android.dx.ssa.NormalSsaInsn.accept(Lcom/android/dx/ssa/SsaInsn$Visitor;)V @ 9
Event: 2.028 Thread 0x0000000016478800 Uncommon trap: reason=class_check action=maybe_recompile pc=0x00000000026c828c method=com.android.dx.ssa.NormalSsaInsn.accept(Lcom/android/dx/ssa/SsaInsn$Visitor;)V @ 9
Event: 2.526 Thread 0x0000000016478800 Uncommon trap: reason=null_check action=make_not_entrant pc=0x000000000272aadc method=com.android.dx.ssa.SsaRenamer.getLocalForNewReg(I)Lcom/android/dx/rop/code/LocalItem; @ 19
Event: 2.526 Thread 0x0000000016478800 Uncommon trap: reason=null_check action=make_not_entrant pc=0x0000000002855b54 method=com.android.dx.ssa.SsaRenamer.getLocalForNewReg(I)Lcom/android/dx/rop/code/LocalItem; @ 19

Internal exceptions (4 events):
Event: 0.025 Thread 0x00000000022c0800 Exception <a 'java/lang/NoSuchMethodError': Method sun.misc.Unsafe.defineClass(Ljava/lang/String;[BII)Ljava/lang/Class; name or signature does not match> (0x00000000eab07cc0) thrown at [C:\src\android\AOSP-openjdk\external\jetbrains\jdk\hotspot\src\share\vç˛ˇñ¡’ô?
Event: 0.025 Thread 0x00000000022c0800 Exception <a 'java/lang/NoSuchMethodError': Method sun.misc.Unsafe.prefetchRead(Ljava/lang/Object;J)V name or signature does not match> (0x00000000eab07fa8) thrown at [C:\src\android\AOSP-openjdk\external\jetbrains\jdk\hotspot\src\share\vm\prims\jni.cpp, l^±Í+5@
Event: 2.526 Thread 0x0000000016478800 Implicit null exception at 0x0000000002727cdd to 0x000000000272aaa1
Event: 2.526 Thread 0x0000000016478800 Implicit null exception at 0x0000000002855331 to 0x0000000002855b31

Events (10 events):
Event: 2.028 Thread 0x0000000016478800 DEOPT UNPACKING pc=0x000000000240556a sp=0x0000000016eee5b0 mode 2
Event: 2.035 Thread 0x0000000016477800 Thread exited: 0x0000000016477800
Event: 2.491 Executing VM operation: ParallelGCFailedAllocation
Event: 2.497 Executing VM operation: ParallelGCFailedAllocation done
Event: 2.526 Thread 0x0000000016478800 Uncommon trap: trap_request=0xfffffff4 fr.pc=0x000000000272aadc
Event: 2.526 Thread 0x0000000016478800 DEOPT PACKING pc=0x000000000272aadc sp=0x0000000016eee4d0
Event: 2.526 Thread 0x0000000016478800 DEOPT UNPACKING pc=0x000000000240556a sp=0x0000000016eee348 mode 2
Event: 2.526 Thread 0x0000000016478800 Uncommon trap: trap_request=0xfffffff4 fr.pc=0x0000000002855b54
Event: 2.526 Thread 0x0000000016478800 DEOPT PACKING pc=0x0000000002855b54 sp=0x0000000016eee4d0
Event: 2.526 Thread 0x0000000016478800 DEOPT UNPACKING pc=0x000000000240556a sp=0x0000000016eee338 mode 2


Dynamic libraries:
0x00007ff7f1300000 - 0x00007ff7f1331000 	C:\Program Files\Android\Android Studio\jre\bin\java.exe
0x00007ffe7eb30000 - 0x00007ffe7ecf2000 	C:\Windows\SYSTEM32\ntdll.dll
0x00007ffe7cd50000 - 0x00007ffe7cdfd000 	C:\Windows\system32\KERNEL32.DLL
0x00007ffe7bd50000 - 0x00007ffe7bf2d000 	C:\Windows\system32\KERNELBASE.dll
0x00007ffe7ce10000 - 0x00007ffe7ceb6000 	C:\Windows\system32\ADVAPI32.dll
0x00007ffe7d1d0000 - 0x00007ffe7d26d000 	C:\Windows\system32\msvcrt.dll
0x00007ffe7c980000 - 0x00007ffe7c9db000 	C:\Windows\system32\sechost.dll
0x00007ffe7d270000 - 0x00007ffe7d396000 	C:\Windows\system32\RPCRT4.dll
0x00007ffe7cc00000 - 0x00007ffe7cd4e000 	C:\Windows\system32\USER32.dll
0x00007ffe7c480000 - 0x00007ffe7c605000 	C:\Windows\system32\GDI32.dll
0x00007ffe65d80000 - 0x00007ffe65ff4000 	C:\Windows\WinSxS\amd64_microsoft.windows.common-controls_6595b64144ccf1df_6.0.10240.16384_none_f41f7b285750ef43\COMCTL32.dll
0x00007ffe7c800000 - 0x00007ffe7c836000 	C:\Windows\system32\IMM32.DLL
0x00007ffe7caa0000 - 0x00007ffe7cbfc000 	C:\Windows\system32\MSCTF.dll
0x00000000701b0000 - 0x0000000070282000 	C:\Program Files\Android\Android Studio\jre\jre\bin\msvcr100.dll
0x0000000070410000 - 0x0000000070c44000 	C:\Program Files\Android\Android Studio\jre\jre\bin\server\jvm.dll
0x00007ffe7c7e0000 - 0x00007ffe7c7e8000 	C:\Windows\system32\PSAPI.DLL
0x00007ffe5ed60000 - 0x00007ffe5ed69000 	C:\Windows\SYSTEM32\WSOCK32.dll
0x00007ffe7d100000 - 0x00007ffe7d169000 	C:\Windows\system32\WS2_32.dll
0x00007ffe7c7f0000 - 0x00007ffe7c7f8000 	C:\Windows\system32\NSI.dll
0x00007ffe713b0000 - 0x00007ffe713d3000 	C:\Windows\SYSTEM32\WINMM.dll
0x00007ffe72d20000 - 0x00007ffe72d2a000 	C:\Windows\SYSTEM32\VERSION.dll
0x00007ffe6edc0000 - 0x00007ffe6edec000 	C:\Windows\SYSTEM32\WINMMBASE.dll
0x00007ffe7c1b0000 - 0x00007ffe7c1f4000 	C:\Windows\system32\cfgmgr32.dll
0x00007ffe79ed0000 - 0x00007ffe79ef7000 	C:\Windows\SYSTEM32\DEVOBJ.dll
0x00007ffe67a90000 - 0x00007ffe67a9f000 	C:\Program Files\Android\Android Studio\jre\jre\bin\verify.dll
0x00007ffe65950000 - 0x00007ffe65979000 	C:\Program Files\Android\Android Studio\jre\jre\bin\java.dll
0x00007ffe658e0000 - 0x00007ffe658f6000 	C:\Program Files\Android\Android Studio\jre\jre\bin\zip.dll
0x00007ffe7d3a0000 - 0x00007ffe7e8c5000 	C:\Windows\system32\SHELL32.dll
0x00007ffe7b720000 - 0x00007ffe7bd48000 	C:\Windows\system32\windows.storage.dll
0x00007ffe7c200000 - 0x00007ffe7c47c000 	C:\Windows\system32\combase.dll
0x00007ffe7c610000 - 0x00007ffe7c661000 	C:\Windows\system32\shlwapi.dll
0x00007ffe7b5f0000 - 0x00007ffe7b5ff000 	C:\Windows\system32\kernel.appcore.dll
0x00007ffe7b600000 - 0x00007ffe7b6b3000 	C:\Windows\system32\shcore.dll
0x00007ffe7b560000 - 0x00007ffe7b5aa000 	C:\Windows\system32\powrprof.dll
0x00007ffe7b5b0000 - 0x00007ffe7b5c3000 	C:\Windows\system32\profapi.dll

VM Arguments:
jvm_args: -Djava.awt.headless=true -Xmx1024M -Dfile.encoding=windows-1256 -Duser.country=US -Duser.language=en -Duser.variant 
java_command: com.android.dx.command.Main --dex --force-jumbo --num-threads=4 --multi-dex --output C:\Users\FCC\Desktop\repos\mahanRepo\AspaMahan\app\build\intermediates\transforms\dex\debug\folders\1000\10\butterknife-7.0.1_26030fa1b4b8bf96b6d66a8527cb698fa6f01416 C:\Users\FCC\.gradle\caches\modules-2\files-2.1\com.jakewharton\butterknife\7.0.1\d5d13ea991eab0252e3710e5df3d6a9d4b21d461\butterknife-7.0.1.jar
java_class_path (initial): C:\Users\FCC\AppData\Local\Android\AndroidSDK\build-tools\23.0.3\lib\dx.jar
Launcher Type: SUN_STANDARD

Environment Variables:
PATH=C:\ProgramData\Oracle\Java\javapath;C:\Program Files\Microsoft MPI\Bin\;C:\Program Files (x86)\Intel\iCLS Client\;C:\Program Files\Intel\iCLS Client\;C:\Windows\system32;C:\Windows;C:\Windows\System32\Wbem;C:\Windows\System32\WindowsPowerShell\v1.0\;C:\Program Files (x86)\Intel\Intel(R) Management Engine Components\DAL;C:\Program Files\Intel\Intel(R) Management Engine Components\DAL;C:\Program Files (x86)\Intel\Intel(R) Management Engine Components\IPT;C:\Program Files\Intel\Intel(R) Management Engine Components\IPT;C:\Program Files\Microsoft SQL Server\120\Tools\Binn\;C:\Program Files\Microsoft SQL Server\130\Tools\Binn\;C:\Program Files (x86)\Microsoft SQL Server\130\Tools\Binn\;C:\Program Files (x86)\Microsoft SQL Server\130\DTS\Binn\;C:\Program Files\Microsoft SQL Server\130\DTS\Binn\;C:\Program Files\Microsoft SQL Server\Client SDK\ODBC\130\Tools\Binn\;C:\Program Files\Git\cmd
USERNAME=FCC
OS=Windows_NT
PROCESSOR_IDENTIFIER=Intel64 Family 6 Model 94 Stepping 3, GenuineIntel



---------------  S Y S T E M  ---------------

OS: Windows 10.0 , 64 bit Build 10240 (10.0.10240.16384)

CPU:total 4 (4 cores per cpu, 1 threads per core) family 6 model 94 stepping 3, cmov, cx8, fxsr, mmx, sse, sse2, sse3, ssse3, sse4.1, sse4.2, popcnt, avx, avx2, aes, clmul, erms, rtm, 3dnowpref, lzcnt, tsc, tscinvbit, bmi1, bmi2, adx

Memory: 4k page, physical 8261104k(278904k free), swap 14411252k(4248k free)

vm_info: OpenJDK 64-Bit Server VM (25.76-b03) for windows-amd64 JRE (1.8.0_76-release-b03), built on Jun 29 2016 19:09:20 by "ralucas" with MS VC++ 10.0 (VS2010)

time: Sun Feb 19 14:46:36 2017
elapsed time: 2 seconds (0d 0h 0m 2s)

