#
# There is insufficient memory for the Java Runtime Environment to continue.
# Native memory allocation (malloc) failed to allocate 1056016 bytes for Chunk::new
# Possible reasons:
#   The system is out of physical RAM or swap space
#   In 32 bit mode, the process size limit was hit
# Possible solutions:
#   Reduce memory load on the system
#   Increase physical memory or swap space
#   Check if swap backing store is full
#   Use 64 bit Java on a 64 bit OS
#   Decrease Java heap size (-Xmx/-Xms)
#   Decrease number of Java threads
#   Decrease Java thread stack sizes (-Xss)
#   Set larger code cache with -XX:ReservedCodeCacheSize=
# This output file may be truncated or incomplete.
#
#  Out of Memory Error (allocation.cpp:390), pid=10276, tid=0x0000000000000b2c
#
# JRE version: OpenJDK Runtime Environment (8.0_76-b03) (build 1.8.0_76-release-b03)
# Java VM: OpenJDK 64-Bit Server VM (25.76-b03 mixed mode windows-amd64 compressed oops)
# Failed to write core dump. Minidumps are not enabled by default on client versions of Windows
#

---------------  T H R E A D  ---------------

Current thread (0x0000000015734000):  JavaThread "C2 CompilerThread0" daemon [_thread_in_native, id=2860, stack(0x0000000016c80000,0x0000000016d80000)]

Stack: [0x0000000016c80000,0x0000000016d80000]
[error occurred during error reporting (printing stack bounds), id 0xc0000005]

Native frames: (J=compiled Java code, j=interpreted, Vv=VM code, C=native code)


Current CompileTask:
C2:   2714 1452   !   4       com.android.dx.cf.code.Ropper::processBlock (1101 bytes)


---------------  P R O C E S S  ---------------

Java Threads: ( => current thread )
  0x0000000016fd9800 JavaThread "pool-2-thread-4" [_thread_in_Java, id=13376, stack(0x0000000017980000,0x0000000017a80000)]
  0x0000000016f2d000 JavaThread "pool-2-thread-3" [_thread_in_Java, id=9376, stack(0x0000000017880000,0x0000000017980000)]
  0x0000000016eec000 JavaThread "pool-2-thread-2" [_thread_blocked, id=6000, stack(0x0000000017780000,0x0000000017880000)]
  0x0000000016ee8800 JavaThread "pool-3-thread-1" [_thread_blocked, id=11432, stack(0x0000000017680000,0x0000000017780000)]
  0x0000000016edf000 JavaThread "pool-2-thread-1" [_thread_blocked, id=4776, stack(0x0000000017580000,0x0000000017680000)]
  0x0000000016dce800 JavaThread "Service Thread" daemon [_thread_blocked, id=11108, stack(0x0000000017380000,0x0000000017480000)]
  0x000000001578d000 JavaThread "C1 CompilerThread2" daemon [_thread_blocked, id=12968, stack(0x0000000017280000,0x0000000017380000)]
  0x000000001578a000 JavaThread "C2 CompilerThread1" daemon [_thread_in_native, id=15048, stack(0x0000000017180000,0x0000000017280000)]
=>0x0000000015734000 JavaThread "C2 CompilerThread0" daemon [_thread_in_native, id=2860, stack(0x0000000016c80000,0x0000000016d80000)]
  0x0000000015732800 JavaThread "Attach Listener" daemon [_thread_blocked, id=13352, stack(0x0000000016b80000,0x0000000016c80000)]
  0x0000000015780800 JavaThread "Signal Dispatcher" daemon [_thread_blocked, id=15704, stack(0x0000000016a80000,0x0000000016b80000)]
  0x0000000003055800 JavaThread "Finalizer" daemon [_thread_blocked, id=13472, stack(0x0000000016980000,0x0000000016a80000)]
  0x0000000003050000 JavaThread "Reference Handler" daemon [_thread_blocked, id=5460, stack(0x0000000016880000,0x0000000016980000)]
  0x0000000002f60800 JavaThread "main" [_thread_in_Java, id=15464, stack(0x0000000002d60000,0x0000000002e60000)]

Other Threads:
  0x00000000156f5800 VMThread [stack: 0x0000000016780000,0x0000000016880000] [id=6988]
  0x0000000016dd1000 WatcherThread [stack: 0x0000000017480000,0x0000000017580000] [id=12020]

VM state:not at safepoint (normal execution)

VM Mutex/Monitor currently owned by a thread: None

Heap:
 PSYoungGen      total 71680K, used 24904K [0x00000000eab00000, 0x00000000ef600000, 0x0000000100000000)
  eden space 66560K, 29% used [0x00000000eab00000,0x00000000ebe57cb8,0x00000000eec00000)
  from space 5120K, 99% used [0x00000000ef100000,0x00000000ef5fa520,0x00000000ef600000)
  to   space 5120K, 0% used [0x00000000eec00000,0x00000000eec00000,0x00000000ef100000)
 ParOldGen       total 87552K, used 34691K [0x00000000c0000000, 0x00000000c5580000, 0x00000000eab00000)
  object space 87552K, 39% used [0x00000000c0000000,0x00000000c21e0e90,0x00000000c5580000)
 Metaspace       used 5849K, capacity 6960K, committed 7040K, reserved 1056768K
  class space    used 565K, capacity 616K, committed 640K, reserved 1048576K

Card table byte_map: [0x0000000012420000,0x0000000012630000] byte_map_base: 0x0000000011e20000

Marking Bits: (ParMarkBitMap*) 0x0000000070bc9d00
 Begin Bits: [0x0000000012b90000, 0x0000000013b90000)
 End Bits:   [0x0000000013b90000, 0x0000000014b90000)

Polling page: 0x0000000002cc0000

CodeCache: size=245760Kb used=6507Kb max_used=6518Kb free=239252Kb
 bounds [0x0000000003060000, 0x00000000036d0000, 0x0000000012060000]
 total_blobs=1736 nmethods=1475 adapters=175
 compilation: enabled

Compilation events (10 events):
Event: 2.702 Thread 0x000000001578a000 nmethod 1504 0x0000000003686ed0 code [0x0000000003687040, 0x00000000036871c8]
Event: 2.702 Thread 0x000000001578a000 1508       4       java.util.Collections$UnmodifiableCollection::iterator (9 bytes)
Event: 2.702 Thread 0x000000001578d000 1531 %     3       com.android.dx.ssa.PhiTypeResolver::run @ 10 (179 bytes)
Event: 2.703 Thread 0x000000001578d000 nmethod 1531% 0x00000000036b8410 code [0x00000000036b86a0, 0x00000000036b98c8]
Event: 2.703 Thread 0x000000001578d000 1532       3       com.android.dx.ssa.PhiTypeResolver::run (179 bytes)
Event: 2.703 Thread 0x000000001578d000 nmethod 1532 0x00000000036b67d0 code [0x00000000036b6a60, 0x00000000036b7c08]
Event: 2.704 Thread 0x000000001578d000 1533 %     3       com.android.dx.ssa.back.InterferenceGraph::<init> @ 18 (42 bytes)
Event: 2.705 Thread 0x000000001578d000 nmethod 1533% 0x00000000036c04d0 code [0x00000000036c0700, 0x00000000036c14b8]
Event: 2.705 Thread 0x000000001578a000 nmethod 1508 0x00000000036c1cd0 code [0x00000000036c1e40, 0x00000000036c20f8]
Event: 2.705 Thread 0x000000001578a000 1503       4       com.android.dx.ssa.SCCP::simulateStmt (481 bytes)

GC Heap History (8 events):
Event: 1.234 GC heap before
{Heap before GC invocations=1 (full 0):
 PSYoungGen      total 38400K, used 33280K [0x00000000eab00000, 0x00000000ed580000, 0x0000000100000000)
  eden space 33280K, 100% used [0x00000000eab00000,0x00000000ecb80000,0x00000000ecb80000)
  from space 5120K, 0% used [0x00000000ed080000,0x00000000ed080000,0x00000000ed580000)
  to   space 5120K, 0% used [0x00000000ecb80000,0x00000000ecb80000,0x00000000ed080000)
 ParOldGen       total 87552K, used 0K [0x00000000c0000000, 0x00000000c5580000, 0x00000000eab00000)
  object space 87552K, 0% used [0x00000000c0000000,0x00000000c0000000,0x00000000c5580000)
 Metaspace       used 5671K, capacity 6832K, committed 7040K, reserved 1056768K
  class space    used 558K, capacity 616K, committed 640K, reserved 1048576K
Event: 1.240 GC heap after
Heap after GC invocations=1 (full 0):
 PSYoungGen      total 38400K, used 5102K [0x00000000eab00000, 0x00000000ed580000, 0x0000000100000000)
  eden space 33280K, 0% used [0x00000000eab00000,0x00000000eab00000,0x00000000ecb80000)
  from space 5120K, 99% used [0x00000000ecb80000,0x00000000ed07baf8,0x00000000ed080000)
  to   space 5120K, 0% used [0x00000000ed080000,0x00000000ed080000,0x00000000ed580000)
 ParOldGen       total 87552K, used 2000K [0x00000000c0000000, 0x00000000c5580000, 0x00000000eab00000)
  object space 87552K, 2% used [0x00000000c0000000,0x00000000c01f4370,0x00000000c5580000)
 Metaspace       used 5671K, capacity 6832K, committed 7040K, reserved 1056768K
  class space    used 558K, capacity 616K, committed 640K, reserved 1048576K
}
Event: 1.603 GC heap before
{Heap before GC invocations=2 (full 0):
 PSYoungGen      total 38400K, used 38382K [0x00000000eab00000, 0x00000000ed580000, 0x0000000100000000)
  eden space 33280K, 100% used [0x00000000eab00000,0x00000000ecb80000,0x00000000ecb80000)
  from space 5120K, 99% used [0x00000000ecb80000,0x00000000ed07baf8,0x00000000ed080000)
  to   space 5120K, 0% used [0x00000000ed080000,0x00000000ed080000,0x00000000ed580000)
 ParOldGen       total 87552K, used 2000K [0x00000000c0000000, 0x00000000c5580000, 0x00000000eab00000)
  object space 87552K, 2% used [0x00000000c0000000,0x00000000c01f4370,0x00000000c5580000)
 Metaspace       used 5768K, capacity 6896K, committed 7040K, reserved 1056768K
  class space    used 560K, capacity 616K, committed 640K, reserved 1048576K
Event: 1.732 GC heap after
Heap after GC invocations=2 (full 0):
 PSYoungGen      total 38400K, used 5113K [0x00000000eab00000, 0x00000000ef600000, 0x0000000100000000)
  eden space 33280K, 0% used [0x00000000eab00000,0x00000000eab00000,0x00000000ecb80000)
  from space 5120K, 99% used [0x00000000ed080000,0x00000000ed57e5e0,0x00000000ed580000)
  to   space 5120K, 0% used [0x00000000ecb80000,0x00000000ecb80000,0x00000000ed080000)
 ParOldGen       total 87552K, used 8057K [0x00000000c0000000, 0x00000000c5580000, 0x00000000eab00000)
  object space 87552K, 9% used [0x00000000c0000000,0x00000000c07de6e8,0x00000000c5580000)
 Metaspace       used 5768K, capacity 6896K, committed 7040K, reserved 1056768K
  class space    used 560K, capacity 616K, committed 640K, reserved 1048576K
}
Event: 2.252 GC heap before
{Heap before GC invocations=3 (full 0):
 PSYoungGen      total 38400K, used 38393K [0x00000000eab00000, 0x00000000ef600000, 0x0000000100000000)
  eden space 33280K, 100% used [0x00000000eab00000,0x00000000ecb80000,0x00000000ecb80000)
  from space 5120K, 99% used [0x00000000ed080000,0x00000000ed57e5e0,0x00000000ed580000)
  to   space 5120K, 0% used [0x00000000ecb80000,0x00000000ecb80000,0x00000000ed080000)
 ParOldGen       total 87552K, used 8057K [0x00000000c0000000, 0x00000000c5580000, 0x00000000eab00000)
  object space 87552K, 9% used [0x00000000c0000000,0x00000000c07de6e8,0x00000000c5580000)
 Metaspace       used 5834K, capacity 6960K, committed 7040K, reserved 1056768K
  class space    used 564K, capacity 616K, committed 640K, reserved 1048576K
Event: 2.278 GC heap after
Heap after GC invocations=3 (full 0):
 PSYoungGen      total 38400K, used 5113K [0x00000000eab00000, 0x00000000ef600000, 0x0000000100000000)
  eden space 33280K, 0% used [0x00000000eab00000,0x00000000eab00000,0x00000000ecb80000)
  from space 5120K, 99% used [0x00000000ecb80000,0x00000000ed07e510,0x00000000ed080000)
  to   space 5120K, 0% used [0x00000000ef100000,0x00000000ef100000,0x00000000ef600000)
 ParOldGen       total 87552K, used 19779K [0x00000000c0000000, 0x00000000c5580000, 0x00000000eab00000)
  object space 87552K, 22% used [0x00000000c0000000,0x00000000c1350c88,0x00000000c5580000)
 Metaspace       used 5834K, capacity 6960K, committed 7040K, reserved 1056768K
  class space    used 564K, capacity 616K, committed 640K, reserved 1048576K
}
Event: 2.619 GC heap before
{Heap before GC invocations=4 (full 0):
 PSYoungGen      total 38400K, used 38393K [0x00000000eab00000, 0x00000000ef600000, 0x0000000100000000)
  eden space 33280K, 100% used [0x00000000eab00000,0x00000000ecb80000,0x00000000ecb80000)
  from space 5120K, 99% used [0x00000000ecb80000,0x00000000ed07e510,0x00000000ed080000)
  to   space 5120K, 0% used [0x00000000ef100000,0x00000000ef100000,0x00000000ef600000)
 ParOldGen       total 87552K, used 19779K [0x00000000c0000000, 0x00000000c5580000, 0x00000000eab00000)
  object space 87552K, 22% used [0x00000000c0000000,0x00000000c1350c88,0x00000000c5580000)
 Metaspace       used 5849K, capacity 6960K, committed 7040K, reserved 1056768K
  class space    used 565K, capacity 616K, committed 640K, reserved 1048576K
Event: 2.671 GC heap after
Heap after GC invocations=4 (full 0):
 PSYoungGen      total 71680K, used 5097K [0x00000000eab00000, 0x00000000ef600000, 0x0000000100000000)
  eden space 66560K, 0% used [0x00000000eab00000,0x00000000eab00000,0x00000000eec00000)
  from space 5120K, 99% used [0x00000000ef100000,0x00000000ef5fa520,0x00000000ef600000)
  to   space 5120K, 0% used [0x00000000eec00000,0x00000000eec00000,0x00000000ef100000)
 ParOldGen       total 87552K, used 34691K [0x00000000c0000000, 0x00000000c5580000, 0x00000000eab00000)
  object space 87552K, 39% used [0x00000000c0000000,0x00000000c21e0e90,0x00000000c5580000)
 Metaspace       used 5849K, capacity 6960K, committed 7040K, reserved 1056768K
  class space    used 565K, capacity 616K, committed 640K, reserved 1048576K
}

Deoptimization events (10 events):
Event: 1.409 Thread 0x0000000016fd9800 Uncommon trap: reason=class_check action=maybe_recompile pc=0x00000000034b2c64 method=com.android.dx.cf.code.BytecodeArray.parseInstruction(ILcom/android/dx/cf/code/BytecodeArray$Visitor;)I @ 2367
Event: 1.426 Thread 0x0000000016edf000 Uncommon trap: reason=unstable_if action=reinterpret pc=0x000000000341d7f8 method=com.android.dx.cf.code.Ropper.labelToResultIndex(I)I @ 34
Event: 1.427 Thread 0x0000000016edf000 Uncommon trap: reason=unstable_if action=reinterpret pc=0x00000000034a45f4 method=com.android.dx.util.LabeledList.set(ILcom/android/dx/util/LabeledItem;)V @ 16
Event: 1.440 Thread 0x0000000016edf000 Uncommon trap: reason=unstable_if action=reinterpret pc=0x00000000034b4070 method=com.android.dx.cf.code.ByteCatchList.listFor(I)Lcom/android/dx/cf/code/ByteCatchList; @ 19
Event: 1.596 Thread 0x0000000016edf000 Uncommon trap: reason=unstable_if action=reinterpret pc=0x00000000032909f8 method=java.util.BitSet.ensureCapacity(I)V @ 6
Event: 1.599 Thread 0x0000000016eec000 Uncommon trap: reason=bimorphic action=maybe_recompile pc=0x0000000003293e4c method=java.util.HashMap.getNode(ILjava/lang/Object;)Ljava/util/HashMap$Node; @ 126
Event: 1.599 Thread 0x0000000016eec000 Uncommon trap: reason=bimorphic action=maybe_recompile pc=0x0000000003293e4c method=java.util.HashMap.getNode(ILjava/lang/Object;)Ljava/util/HashMap$Node; @ 126
Event: 1.763 Thread 0x0000000016f2d000 Uncommon trap: reason=unstable_if action=reinterpret pc=0x000000000347ecb8 method=com.android.dx.ssa.SetFactory.makeDomFrontSet(I)Lcom/android/dx/util/IntSet; @ 4
Event: 1.768 Thread 0x0000000016fd9800 Uncommon trap: reason=unstable_if action=reinterpret pc=0x0000000003479078 method=com.android.dx.rop.code.RegisterSpec.equals(ILcom/android/dx/rop/type/TypeBearer;Lcom/android/dx/rop/code/LocalItem;)Z @ 16
Event: 1.769 Thread 0x0000000016fd9800 Uncommon trap: reason=unstable_if action=reinterpret pc=0x00000000031fe09c method=com.android.dx.rop.cst.Constant.compareTo(Lcom/android/dx/rop/cst/Constant;)I @ 12

Internal exceptions (3 events):
Event: 0.027 Thread 0x0000000002f60800 Exception <a 'java/lang/NoSuchMethodError': Method sun.misc.Unsafe.defineClass(Ljava/lang/String;[BII)Ljava/lang/Class; name or signature does not match> (0x00000000eab07cc0) thrown at [C:\src\android\AOSP-openjdk\external\jetbrains\jdk\hotspot\src\share\vbÓc‡G›?
Event: 0.027 Thread 0x0000000002f60800 Exception <a 'java/lang/NoSuchMethodError': Method sun.misc.Unsafe.prefetchRead(Ljava/lang/Object;J)V name or signature does not match> (0x00000000eab07fa8) thrown at [C:\src\android\AOSP-openjdk\external\jetbrains\jdk\hotspot\src\share\vm\prims\jni.cpp, l´1uèA
ô?
Event: 1.253 Thread 0x0000000016f2d000 Implicit null exception at 0x000000000335f562 to 0x000000000335f669

Events (10 events):
Event: 2.696 Thread 0x0000000016fd9800 DEOPT PACKING pc=0x000000000354f6c0 sp=0x0000000017a7eac0
Event: 2.696 Thread 0x0000000016fd9800 DEOPT UNPACKING pc=0x00000000030a75bf sp=0x0000000017a7e8b0 mode 0
Event: 2.700 Thread 0x0000000002f60800 DEOPT PACKING pc=0x00000000033d2377 sp=0x0000000002e5e260
Event: 2.700 Thread 0x0000000002f60800 DEOPT UNPACKING pc=0x00000000030a75bf sp=0x0000000002e5dfe0 mode 0
Event: 2.704 Thread 0x0000000016eec000 DEOPT PACKING pc=0x00000000035c6257 sp=0x000000001787e7b0
Event: 2.704 Thread 0x0000000016eec000 DEOPT UNPACKING pc=0x00000000030a75bf sp=0x000000001787e4e0 mode 0
Event: 2.706 Thread 0x0000000016fd9800 DEOPT PACKING pc=0x00000000033d2377 sp=0x0000000017a7e750
Event: 2.706 Thread 0x0000000016fd9800 DEOPT UNPACKING pc=0x00000000030a75bf sp=0x0000000017a7e4c0 mode 0
Event: 2.708 Thread 0x0000000002f60800 DEOPT PACKING pc=0x00000000034ec101 sp=0x0000000002e5e040
Event: 2.708 Thread 0x0000000002f60800 DEOPT UNPACKING pc=0x00000000030a75bf sp=0x0000000002e5de08 mode 0


Dynamic libraries:
0x00007ff7f1300000 - 0x00007ff7f1331000 	C:\Program Files\Android\Android Studio\jre\bin\java.exe
0x00007ffe7eb30000 - 0x00007ffe7ecf2000 	C:\Windows\SYSTEM32\ntdll.dll
0x00007ffe7cd50000 - 0x00007ffe7cdfd000 	C:\Windows\system32\KERNEL32.DLL
0x00007ffe7bd50000 - 0x00007ffe7bf2d000 	C:\Windows\system32\KERNELBASE.dll
0x00007ffe7ce10000 - 0x00007ffe7ceb6000 	C:\Windows\system32\ADVAPI32.dll
0x00007ffe7d1d0000 - 0x00007ffe7d26d000 	C:\Windows\system32\msvcrt.dll
0x00007ffe7c980000 - 0x00007ffe7c9db000 	C:\Windows\system32\sechost.dll
0x00007ffe7d270000 - 0x00007ffe7d396000 	C:\Windows\system32\RPCRT4.dll
0x00007ffe7cc00000 - 0x00007ffe7cd4e000 	C:\Windows\system32\USER32.dll
0x00007ffe7c480000 - 0x00007ffe7c605000 	C:\Windows\system32\GDI32.dll
0x00007ffe65d80000 - 0x00007ffe65ff4000 	C:\Windows\WinSxS\amd64_microsoft.windows.common-controls_6595b64144ccf1df_6.0.10240.16384_none_f41f7b285750ef43\COMCTL32.dll
0x00007ffe7c800000 - 0x00007ffe7c836000 	C:\Windows\system32\IMM32.DLL
0x00007ffe7caa0000 - 0x00007ffe7cbfc000 	C:\Windows\system32\MSCTF.dll
0x00000000701b0000 - 0x0000000070282000 	C:\Program Files\Android\Android Studio\jre\jre\bin\msvcr100.dll
0x0000000070410000 - 0x0000000070c44000 	C:\Program Files\Android\Android Studio\jre\jre\bin\server\jvm.dll
0x00007ffe7c7e0000 - 0x00007ffe7c7e8000 	C:\Windows\system32\PSAPI.DLL
0x00007ffe5ed60000 - 0x00007ffe5ed69000 	C:\Windows\SYSTEM32\WSOCK32.dll
0x00007ffe7d100000 - 0x00007ffe7d169000 	C:\Windows\system32\WS2_32.dll
0x00007ffe7c7f0000 - 0x00007ffe7c7f8000 	C:\Windows\system32\NSI.dll
0x00007ffe713b0000 - 0x00007ffe713d3000 	C:\Windows\SYSTEM32\WINMM.dll
0x00007ffe72d20000 - 0x00007ffe72d2a000 	C:\Windows\SYSTEM32\VERSION.dll
0x00007ffe6edc0000 - 0x00007ffe6edec000 	C:\Windows\SYSTEM32\WINMMBASE.dll
0x00007ffe7c1b0000 - 0x00007ffe7c1f4000 	C:\Windows\system32\cfgmgr32.dll
0x00007ffe79ed0000 - 0x00007ffe79ef7000 	C:\Windows\SYSTEM32\DEVOBJ.dll
0x00007ffe67a90000 - 0x00007ffe67a9f000 	C:\Program Files\Android\Android Studio\jre\jre\bin\verify.dll
0x00007ffe65950000 - 0x00007ffe65979000 	C:\Program Files\Android\Android Studio\jre\jre\bin\java.dll
0x00007ffe658e0000 - 0x00007ffe658f6000 	C:\Program Files\Android\Android Studio\jre\jre\bin\zip.dll
0x00007ffe7d3a0000 - 0x00007ffe7e8c5000 	C:\Windows\system32\SHELL32.dll
0x00007ffe7b720000 - 0x00007ffe7bd48000 	C:\Windows\system32\windows.storage.dll
0x00007ffe7c200000 - 0x00007ffe7c47c000 	C:\Windows\system32\combase.dll
0x00007ffe7c610000 - 0x00007ffe7c661000 	C:\Windows\system32\shlwapi.dll
0x00007ffe7b5f0000 - 0x00007ffe7b5ff000 	C:\Windows\system32\kernel.appcore.dll
0x00007ffe7b600000 - 0x00007ffe7b6b3000 	C:\Windows\system32\shcore.dll
0x00007ffe7b560000 - 0x00007ffe7b5aa000 	C:\Windows\system32\powrprof.dll
0x00007ffe7b5b0000 - 0x00007ffe7b5c3000 	C:\Windows\system32\profapi.dll

VM Arguments:
jvm_args: -Djava.awt.headless=true -Xmx1024M -Dfile.encoding=windows-1256 -Duser.country=US -Duser.language=en -Duser.variant 
java_command: com.android.dx.command.Main --dex --force-jumbo --num-threads=4 --multi-dex --output C:\Users\FCC\Desktop\repos\mahanRepo\AspaMahan\app\build\intermediates\transforms\dex\debug\folders\1000\5\slice_0 C:\Users\FCC\Desktop\repos\mahanRepo\AspaMahan\app\build\intermediates\transforms\instantRunSlicer\debug\folders\1\5\slice_0
java_class_path (initial): C:\Users\FCC\AppData\Local\Android\AndroidSDK\build-tools\23.0.3\lib\dx.jar
Launcher Type: SUN_STANDARD

Environment Variables:
PATH=C:\ProgramData\Oracle\Java\javapath;C:\Program Files\Microsoft MPI\Bin\;C:\Program Files (x86)\Intel\iCLS Client\;C:\Program Files\Intel\iCLS Client\;C:\Windows\system32;C:\Windows;C:\Windows\System32\Wbem;C:\Windows\System32\WindowsPowerShell\v1.0\;C:\Program Files (x86)\Intel\Intel(R) Management Engine Components\DAL;C:\Program Files\Intel\Intel(R) Management Engine Components\DAL;C:\Program Files (x86)\Intel\Intel(R) Management Engine Components\IPT;C:\Program Files\Intel\Intel(R) Management Engine Components\IPT;C:\Program Files\Microsoft SQL Server\120\Tools\Binn\;C:\Program Files\Microsoft SQL Server\130\Tools\Binn\;C:\Program Files (x86)\Microsoft SQL Server\130\Tools\Binn\;C:\Program Files (x86)\Microsoft SQL Server\130\DTS\Binn\;C:\Program Files\Microsoft SQL Server\130\DTS\Binn\;C:\Program Files\Microsoft SQL Server\Client SDK\ODBC\130\Tools\Binn\;C:\Program Files\Git\cmd
USERNAME=FCC
OS=Windows_NT
PROCESSOR_IDENTIFIER=Intel64 Family 6 Model 94 Stepping 3, GenuineIntel



---------------  S Y S T E M  ---------------

OS: Windows 10.0 , 64 bit Build 10240 (10.0.10240.16384)

CPU:total 4 (4 cores per cpu, 1 threads per core) family 6 model 94 stepping 3, cmov, cx8, fxsr, mmx, sse, sse2, sse3, ssse3, sse4.1, sse4.2, popcnt, avx, avx2, aes, clmul, erms, rtm, 3dnowpref, lzcnt, tsc, tscinvbit, bmi1, bmi2, adx

Memory: 4k page, physical 8261104k(252240k free), swap 14411252k(1176k free)

vm_info: OpenJDK 64-Bit Server VM (25.76-b03) for windows-amd64 JRE (1.8.0_76-release-b03), built on Jun 29 2016 19:09:20 by "ralucas" with MS VC++ 10.0 (VS2010)

time: Sun Feb 19 14:46:36 2017
elapsed time: 2 seconds (0d 0h 0m 2s)

