#
# There is insufficient memory for the Java Runtime Environment to continue.
# Native memory allocation (malloc) failed to allocate 1048576 bytes for AllocateHeap
# Possible reasons:
#   The system is out of physical RAM or swap space
#   In 32 bit mode, the process size limit was hit
# Possible solutions:
#   Reduce memory load on the system
#   Increase physical memory or swap space
#   Check if swap backing store is full
#   Use 64 bit Java on a 64 bit OS
#   Decrease Java heap size (-Xmx/-Xms)
#   Decrease number of Java threads
#   Decrease Java thread stack sizes (-Xss)
#   Set larger code cache with -XX:ReservedCodeCacheSize=
# This output file may be truncated or incomplete.
#
#  Out of Memory Error (memory/allocation.inline.hpp:61), pid=7896, tid=0x0000000000002c1c
#
# JRE version:  (8.0_76-b03) (build )
# Java VM: OpenJDK 64-Bit Server VM (25.76-b03 mixed mode windows-amd64 compressed oops)
# Failed to write core dump. Minidumps are not enabled by default on client versions of Windows
#

---------------  T H R E A D  ---------------

Current thread (0x0000000002cc0800):  JavaThread "Unknown thread" [_thread_in_vm, id=11292, stack(0x0000000002a00000,0x0000000002b00000)]

Stack: [0x0000000002a00000,0x0000000002b00000]
[error occurred during error reporting (printing stack bounds), id 0xc0000005]

Native frames: (J=compiled Java code, j=interpreted, Vv=VM code, C=native code)


---------------  P R O C E S S  ---------------

Java Threads: ( => current thread )

Other Threads:

=>0x0000000002cc0800 (exited) JavaThread "Unknown thread" [_thread_in_vm, id=11292, stack(0x0000000002a00000,0x0000000002b00000)]

VM state:not at safepoint (normal execution)

VM Mutex/Monitor currently owned by a thread: None

Heap:
 PSYoungGen      total 38400K, used 665K [0x00000000eab00000, 0x00000000ed580000, 0x0000000100000000)
  eden space 33280K, 2% used [0x00000000eab00000,0x00000000eaba6670,0x00000000ecb80000)
  from space 5120K, 0% used [0x00000000ed080000,0x00000000ed080000,0x00000000ed580000)
  to   space 5120K, 0% used [0x00000000ecb80000,0x00000000ecb80000,0x00000000ed080000)
 ParOldGen       total 87552K, used 0K [0x00000000c0000000, 0x00000000c5580000, 0x00000000eab00000)
  object space 87552K, 0% used [0x00000000c0000000,0x00000000c0000000,0x00000000c5580000)
 Metaspace       used 771K, capacity 4480K, committed 4480K, reserved 1056768K
  class space    used 73K, capacity 384K, committed 384K, reserved 1048576K

Card table byte_map: [0x0000000012180000,0x0000000012390000] byte_map_base: 0x0000000011b80000

Marking Bits: (ParMarkBitMap*) 0x0000000070bc9d00
 Begin Bits: [0x00000000128f0000, 0x00000000138f0000)
 End Bits:   [0x00000000138f0000, 0x00000000148f0000)

Polling page: 0x0000000001420000

CodeCache: size=245760Kb used=328Kb max_used=328Kb free=245431Kb
 bounds [0x0000000002dc0000, 0x0000000003030000, 0x0000000011dc0000]
 total_blobs=57 nmethods=0 adapters=38
 compilation: enabled

Compilation events (0 events):
No events

GC Heap History (0 events):
No events

Deoptimization events (0 events):
No events

Internal exceptions (0 events):
No events

Events (10 events):
Event: 0.123 loading class java/lang/Short
Event: 0.123 loading class java/lang/Short done
Event: 0.123 loading class java/lang/Integer
Event: 0.123 loading class java/lang/Integer done
Event: 0.123 loading class java/lang/Long
Event: 0.123 loading class java/lang/Long done
Event: 0.123 loading class java/lang/NullPointerException
Event: 0.123 loading class java/lang/NullPointerException done
Event: 0.123 loading class java/lang/ArithmeticException
Event: 0.123 loading class java/lang/ArithmeticException done


Dynamic libraries:
0x00007ff7f1300000 - 0x00007ff7f1331000 	C:\Program Files\Android\Android Studio\jre\bin\java.exe
0x00007ffe7eb30000 - 0x00007ffe7ecf2000 	C:\Windows\SYSTEM32\ntdll.dll
0x00007ffe7cd50000 - 0x00007ffe7cdfd000 	C:\Windows\system32\KERNEL32.DLL
0x00007ffe7bd50000 - 0x00007ffe7bf2d000 	C:\Windows\system32\KERNELBASE.dll
0x00007ffe7ce10000 - 0x00007ffe7ceb6000 	C:\Windows\system32\ADVAPI32.dll
0x00007ffe7d1d0000 - 0x00007ffe7d26d000 	C:\Windows\system32\msvcrt.dll
0x00007ffe7c980000 - 0x00007ffe7c9db000 	C:\Windows\system32\sechost.dll
0x00007ffe7d270000 - 0x00007ffe7d396000 	C:\Windows\system32\RPCRT4.dll
0x00007ffe7cc00000 - 0x00007ffe7cd4e000 	C:\Windows\system32\USER32.dll
0x00007ffe7c480000 - 0x00007ffe7c605000 	C:\Windows\system32\GDI32.dll
0x00007ffe65d80000 - 0x00007ffe65ff4000 	C:\Windows\WinSxS\amd64_microsoft.windows.common-controls_6595b64144ccf1df_6.0.10240.16384_none_f41f7b285750ef43\COMCTL32.dll
0x00007ffe7c800000 - 0x00007ffe7c836000 	C:\Windows\system32\IMM32.DLL
0x00007ffe7caa0000 - 0x00007ffe7cbfc000 	C:\Windows\system32\MSCTF.dll
0x00000000701b0000 - 0x0000000070282000 	C:\Program Files\Android\Android Studio\jre\jre\bin\msvcr100.dll
0x0000000070410000 - 0x0000000070c44000 	C:\Program Files\Android\Android Studio\jre\jre\bin\server\jvm.dll
0x00007ffe7c7e0000 - 0x00007ffe7c7e8000 	C:\Windows\system32\PSAPI.DLL
0x00007ffe5ed60000 - 0x00007ffe5ed69000 	C:\Windows\SYSTEM32\WSOCK32.dll
0x00007ffe7d100000 - 0x00007ffe7d169000 	C:\Windows\system32\WS2_32.dll
0x00007ffe7c7f0000 - 0x00007ffe7c7f8000 	C:\Windows\system32\NSI.dll
0x00007ffe713b0000 - 0x00007ffe713d3000 	C:\Windows\SYSTEM32\WINMM.dll
0x00007ffe72d20000 - 0x00007ffe72d2a000 	C:\Windows\SYSTEM32\VERSION.dll
0x00007ffe6edc0000 - 0x00007ffe6edec000 	C:\Windows\SYSTEM32\WINMMBASE.dll
0x00007ffe7c1b0000 - 0x00007ffe7c1f4000 	C:\Windows\system32\cfgmgr32.dll
0x00007ffe79ed0000 - 0x00007ffe79ef7000 	C:\Windows\SYSTEM32\DEVOBJ.dll
0x00007ffe67a90000 - 0x00007ffe67a9f000 	C:\Program Files\Android\Android Studio\jre\jre\bin\verify.dll
0x00007ffe65950000 - 0x00007ffe65979000 	C:\Program Files\Android\Android Studio\jre\jre\bin\java.dll
0x00007ffe658e0000 - 0x00007ffe658f6000 	C:\Program Files\Android\Android Studio\jre\jre\bin\zip.dll

VM Arguments:
jvm_args: -Djava.awt.headless=true -Xmx1024M -Dfile.encoding=windows-1256 -Duser.country=US -Duser.language=en -Duser.variant 
java_command: com.android.dx.command.Main --dex --force-jumbo --num-threads=4 --multi-dex --output C:\Users\FCC\Desktop\repos\mahanRepo\AspaMahan\app\build\intermediates\transforms\dex\debug\folders\1000\10\com.android.support-transition-25.1.0_e984964b22181b86028f29048a1d57ec28253ce0 C:\Users\FCC\Desktop\repos\mahanRepo\AspaMahan\app\build\intermediates\exploded-aar\com.android.support\transition\25.1.0\jars\classes.jar
java_class_path (initial): C:\Users\FCC\AppData\Local\Android\AndroidSDK\build-tools\23.0.3\lib\dx.jar
Launcher Type: SUN_STANDARD

Environment Variables:
PATH=C:\ProgramData\Oracle\Java\javapath;C:\Program Files\Microsoft MPI\Bin\;C:\Program Files (x86)\Intel\iCLS Client\;C:\Program Files\Intel\iCLS Client\;C:\Windows\system32;C:\Windows;C:\Windows\System32\Wbem;C:\Windows\System32\WindowsPowerShell\v1.0\;C:\Program Files (x86)\Intel\Intel(R) Management Engine Components\DAL;C:\Program Files\Intel\Intel(R) Management Engine Components\DAL;C:\Program Files (x86)\Intel\Intel(R) Management Engine Components\IPT;C:\Program Files\Intel\Intel(R) Management Engine Components\IPT;C:\Program Files\Microsoft SQL Server\120\Tools\Binn\;C:\Program Files\Microsoft SQL Server\130\Tools\Binn\;C:\Program Files (x86)\Microsoft SQL Server\130\Tools\Binn\;C:\Program Files (x86)\Microsoft SQL Server\130\DTS\Binn\;C:\Program Files\Microsoft SQL Server\130\DTS\Binn\;C:\Program Files\Microsoft SQL Server\Client SDK\ODBC\130\Tools\Binn\;C:\Program Files\Git\cmd
USERNAME=FCC
OS=Windows_NT
PROCESSOR_IDENTIFIER=Intel64 Family 6 Model 94 Stepping 3, GenuineIntel



---------------  S Y S T E M  ---------------

OS: Windows 10.0 , 64 bit Build 10240 (10.0.10240.16384)

CPU:total 4 (4 cores per cpu, 1 threads per core) family 6 model 94 stepping 3, cmov, cx8, fxsr, mmx, sse, sse2, sse3, ssse3, sse4.1, sse4.2, popcnt, avx, avx2, aes, clmul, erms, rtm, 3dnowpref, lzcnt, tsc, tscinvbit, bmi1, bmi2, adx

Memory: 4k page, physical 8261104k(276804k free), swap 14411252k(12668k free)

vm_info: OpenJDK 64-Bit Server VM (25.76-b03) for windows-amd64 JRE (1.8.0_76-release-b03), built on Jun 29 2016 19:09:20 by "ralucas" with MS VC++ 10.0 (VS2010)

time: Sun Feb 19 14:47:43 2017
elapsed time: 0 seconds (0d 0h 0m 0s)

