#
# There is insufficient memory for the Java Runtime Environment to continue.
# Native memory allocation (malloc) failed to allocate 1455680 bytes for Chunk::new
# Possible reasons:
#   The system is out of physical RAM or swap space
#   In 32 bit mode, the process size limit was hit
# Possible solutions:
#   Reduce memory load on the system
#   Increase physical memory or swap space
#   Check if swap backing store is full
#   Use 64 bit Java on a 64 bit OS
#   Decrease Java heap size (-Xmx/-Xms)
#   Decrease number of Java threads
#   Decrease Java thread stack sizes (-Xss)
#   Set larger code cache with -XX:ReservedCodeCacheSize=
# This output file may be truncated or incomplete.
#
#  Out of Memory Error (allocation.cpp:390), pid=1980, tid=0x0000000000003474
#
# JRE version: OpenJDK Runtime Environment (8.0_76-b03) (build 1.8.0_76-release-b03)
# Java VM: OpenJDK 64-Bit Server VM (25.76-b03 mixed mode windows-amd64 compressed oops)
# Failed to write core dump. Minidumps are not enabled by default on client versions of Windows
#

---------------  T H R E A D  ---------------

Current thread (0x0000000014779000):  JavaThread "C2 CompilerThread0" daemon [_thread_in_native, id=13428, stack(0x0000000015d70000,0x0000000015e70000)]

Stack: [0x0000000015d70000,0x0000000015e70000]
[error occurred during error reporting (printing stack bounds), id 0xc0000005]

Native frames: (J=compiled Java code, j=interpreted, Vv=VM code, C=native code)


Current CompileTask:
C2:   4598 1827       4       com.android.dx.cf.code.Simulator$SimVisitor::visitConstant (332 bytes)


---------------  P R O C E S S  ---------------

Java Threads: ( => current thread )
  0x0000000016211800 JavaThread "pool-2-thread-4" [_thread_in_Java, id=6248, stack(0x0000000016a70000,0x0000000016b70000)]
  0x00000000160db000 JavaThread "pool-2-thread-3" [_thread_in_Java, id=10272, stack(0x0000000016970000,0x0000000016a70000)]
  0x00000000160da000 JavaThread "pool-2-thread-2" [_thread_blocked, id=3760, stack(0x0000000016870000,0x0000000016970000)]
  0x00000000160c6000 JavaThread "pool-3-thread-1" [_thread_blocked, id=5028, stack(0x0000000016770000,0x0000000016870000)]
  0x00000000160cb800 JavaThread "pool-2-thread-1" [_thread_in_Java, id=13596, stack(0x0000000016670000,0x0000000016770000)]
  0x0000000015fbe800 JavaThread "Service Thread" daemon [_thread_blocked, id=16788, stack(0x0000000016470000,0x0000000016570000)]
  0x000000001478c800 JavaThread "C1 CompilerThread2" daemon [_thread_blocked, id=10208, stack(0x0000000016370000,0x0000000016470000)]
  0x000000001477c800 JavaThread "C2 CompilerThread1" daemon [_thread_in_native, id=15168, stack(0x0000000015e70000,0x0000000015f70000)]
=>0x0000000014779000 JavaThread "C2 CompilerThread0" daemon [_thread_in_native, id=13428, stack(0x0000000015d70000,0x0000000015e70000)]
  0x0000000014777800 JavaThread "Attach Listener" daemon [_thread_blocked, id=16936, stack(0x0000000015c70000,0x0000000015d70000)]
  0x0000000014776800 JavaThread "Signal Dispatcher" daemon [_thread_blocked, id=16464, stack(0x0000000015b70000,0x0000000015c70000)]
  0x000000000205b000 JavaThread "Finalizer" daemon [_thread_blocked, id=14852, stack(0x0000000015990000,0x0000000015a90000)]
  0x0000000002050000 JavaThread "Reference Handler" daemon [_thread_blocked, id=8612, stack(0x0000000015890000,0x0000000015990000)]
  0x0000000001f60800 JavaThread "main" [_thread_blocked, id=312, stack(0x0000000001d60000,0x0000000001e60000)]

Other Threads:
  0x00000000146f5800 VMThread [stack: 0x0000000015790000,0x0000000015890000] [id=6568]
  0x0000000015fc1000 WatcherThread [stack: 0x0000000016570000,0x0000000016670000] [id=17392]

VM state:not at safepoint (normal execution)

VM Mutex/Monitor currently owned by a thread: None

Heap:
 PSYoungGen      total 138240K, used 30467K [0x00000000eab00000, 0x00000000fd500000, 0x0000000100000000)
  eden space 133120K, 22% used [0x00000000eab00000,0x00000000ec8c0f40,0x00000000f2d00000)
  from space 5120K, 0% used [0x00000000f2d00000,0x00000000f2d00000,0x00000000f3200000)
  to   space 60928K, 0% used [0x00000000f9980000,0x00000000f9980000,0x00000000fd500000)
 ParOldGen       total 147968K, used 77201K [0x00000000c0000000, 0x00000000c9080000, 0x00000000eab00000)
  object space 147968K, 52% used [0x00000000c0000000,0x00000000c4b64510,0x00000000c9080000)
 Metaspace       used 6021K, capacity 7088K, committed 7296K, reserved 1056768K
  class space    used 561K, capacity 616K, committed 640K, reserved 1048576K

Card table byte_map: [0x0000000011420000,0x0000000011630000] byte_map_base: 0x0000000010e20000

Marking Bits: (ParMarkBitMap*) 0x0000000070bc9d00
 Begin Bits: [0x0000000011b90000, 0x0000000012b90000)
 End Bits:   [0x0000000012b90000, 0x0000000013b90000)

Polling page: 0x00000000004f0000

CodeCache: size=245760Kb used=8156Kb max_used=8172Kb free=237603Kb
 bounds [0x0000000002060000, 0x0000000002870000, 0x0000000011060000]
 total_blobs=2083 nmethods=1822 adapters=175
 compilation: enabled

Compilation events (10 events):
Event: 4.510 Thread 0x000000001478c800 1944       2       com.android.dx.cf.iface.StdField::getConstantValue (28 bytes)
Event: 4.510 Thread 0x000000001478c800 nmethod 1944 0x0000000002858610 code [0x0000000002858780, 0x0000000002858988]
Event: 4.511 Thread 0x000000001478c800 1945       2       com.android.dx.dex.file.ClassDefItem::addStaticField (10 bytes)
Event: 4.511 Thread 0x000000001478c800 nmethod 1945 0x0000000002858ad0 code [0x0000000002858c40, 0x0000000002858da8]
Event: 4.511 Thread 0x000000001478c800 1946       2       java.util.Collections$UnmodifiableCollection::size (10 bytes)
Event: 4.511 Thread 0x000000001478c800 nmethod 1946 0x0000000002858e90 code [0x0000000002859000, 0x0000000002859188]
Event: 4.532 Thread 0x000000001477c800 nmethod 1911% 0x000000000285de10 code [0x000000000285e040, 0x000000000285ffd0]
Event: 4.532 Thread 0x000000001477c800 1905       4       java.util.TreeMap::getEntry (84 bytes)
Event: 4.538 Thread 0x000000001477c800 nmethod 1905 0x0000000002859f90 code [0x000000000285a100, 0x000000000285a718]
Event: 4.538 Thread 0x000000001477c800 1939       4       com.android.dx.ssa.SsaConverter::placePhiFunctions (394 bytes)

GC Heap History (10 events):
Event: 1.270 GC heap before
{Heap before GC invocations=4 (full 0):
 PSYoungGen      total 71680K, used 71671K [0x00000000eab00000, 0x00000000f3700000, 0x0000000100000000)
  eden space 66560K, 100% used [0x00000000eab00000,0x00000000eec00000,0x00000000eec00000)
  from space 5120K, 99% used [0x00000000eec00000,0x00000000ef0fdf68,0x00000000ef100000)
  to   space 5120K, 0% used [0x00000000f3200000,0x00000000f3200000,0x00000000f3700000)
 ParOldGen       total 87552K, used 21065K [0x00000000c0000000, 0x00000000c5580000, 0x00000000eab00000)
  object space 87552K, 24% used [0x00000000c0000000,0x00000000c1492410,0x00000000c5580000)
 Metaspace       used 5930K, capacity 7024K, committed 7296K, reserved 1056768K
  class space    used 560K, capacity 616K, committed 640K, reserved 1048576K
Event: 1.348 GC heap after
Heap after GC invocations=4 (full 0):
 PSYoungGen      total 138240K, used 5111K [0x00000000eab00000, 0x00000000f3700000, 0x0000000100000000)
  eden space 133120K, 0% used [0x00000000eab00000,0x00000000eab00000,0x00000000f2d00000)
  from space 5120K, 99% used [0x00000000f3200000,0x00000000f36fdf48,0x00000000f3700000)
  to   space 5120K, 0% used [0x00000000f2d00000,0x00000000f2d00000,0x00000000f3200000)
 ParOldGen       total 87552K, used 57347K [0x00000000c0000000, 0x00000000c5580000, 0x00000000eab00000)
  object space 87552K, 65% used [0x00000000c0000000,0x00000000c3800f10,0x00000000c5580000)
 Metaspace       used 5930K, capacity 7024K, committed 7296K, reserved 1056768K
  class space    used 560K, capacity 616K, committed 640K, reserved 1048576K
}
Event: 1.348 GC heap before
{Heap before GC invocations=5 (full 1):
 PSYoungGen      total 138240K, used 5111K [0x00000000eab00000, 0x00000000f3700000, 0x0000000100000000)
  eden space 133120K, 0% used [0x00000000eab00000,0x00000000eab00000,0x00000000f2d00000)
  from space 5120K, 99% used [0x00000000f3200000,0x00000000f36fdf48,0x00000000f3700000)
  to   space 5120K, 0% used [0x00000000f2d00000,0x00000000f2d00000,0x00000000f3200000)
 ParOldGen       total 87552K, used 57347K [0x00000000c0000000, 0x00000000c5580000, 0x00000000eab00000)
  object space 87552K, 65% used [0x00000000c0000000,0x00000000c3800f10,0x00000000c5580000)
 Metaspace       used 5930K, capacity 7024K, committed 7296K, reserved 1056768K
  class space    used 560K, capacity 616K, committed 640K, reserved 1048576K
Event: 1.686 GC heap after
Heap after GC invocations=5 (full 1):
 PSYoungGen      total 138240K, used 0K [0x00000000eab00000, 0x00000000f3700000, 0x0000000100000000)
  eden space 133120K, 0% used [0x00000000eab00000,0x00000000eab00000,0x00000000f2d00000)
  from space 5120K, 0% used [0x00000000f3200000,0x00000000f3200000,0x00000000f3700000)
  to   space 5120K, 0% used [0x00000000f2d00000,0x00000000f2d00000,0x00000000f3200000)
 ParOldGen       total 147968K, used 56951K [0x00000000c0000000, 0x00000000c9080000, 0x00000000eab00000)
  object space 147968K, 38% used [0x00000000c0000000,0x00000000c379dd50,0x00000000c9080000)
 Metaspace       used 5930K, capacity 7024K, committed 7296K, reserved 1056768K
  class space    used 560K, capacity 616K, committed 640K, reserved 1048576K
}
Event: 2.072 GC heap before
{Heap before GC invocations=6 (full 1):
 PSYoungGen      total 138240K, used 133120K [0x00000000eab00000, 0x00000000f3700000, 0x0000000100000000)
  eden space 133120K, 100% used [0x00000000eab00000,0x00000000f2d00000,0x00000000f2d00000)
  from space 5120K, 0% used [0x00000000f3200000,0x00000000f3200000,0x00000000f3700000)
  to   space 5120K, 0% used [0x00000000f2d00000,0x00000000f2d00000,0x00000000f3200000)
 ParOldGen       total 147968K, used 56951K [0x00000000c0000000, 0x00000000c9080000, 0x00000000eab00000)
  object space 147968K, 38% used [0x00000000c0000000,0x00000000c379dd50,0x00000000c9080000)
 Metaspace       used 5936K, capacity 7024K, committed 7296K, reserved 1056768K
  class space    used 561K, capacity 616K, committed 640K, reserved 1048576K
Event: 2.103 GC heap after
Heap after GC invocations=6 (full 1):
 PSYoungGen      total 138240K, used 5120K [0x00000000eab00000, 0x00000000fd500000, 0x0000000100000000)
  eden space 133120K, 0% used [0x00000000eab00000,0x00000000eab00000,0x00000000f2d00000)
  from space 5120K, 100% used [0x00000000f2d00000,0x00000000f3200000,0x00000000f3200000)
  to   space 60928K, 0% used [0x00000000f9980000,0x00000000f9980000,0x00000000fd500000)
 ParOldGen       total 147968K, used 104114K [0x00000000c0000000, 0x00000000c9080000, 0x00000000eab00000)
  object space 147968K, 70% used [0x00000000c0000000,0x00000000c65aca38,0x00000000c9080000)
 Metaspace       used 5936K, capacity 7024K, committed 7296K, reserved 1056768K
  class space    used 561K, capacity 616K, committed 640K, reserved 1048576K
}
Event: 2.103 GC heap before
{Heap before GC invocations=7 (full 2):
 PSYoungGen      total 138240K, used 5120K [0x00000000eab00000, 0x00000000fd500000, 0x0000000100000000)
  eden space 133120K, 0% used [0x00000000eab00000,0x00000000eab00000,0x00000000f2d00000)
  from space 5120K, 100% used [0x00000000f2d00000,0x00000000f3200000,0x00000000f3200000)
  to   space 60928K, 0% used [0x00000000f9980000,0x00000000f9980000,0x00000000fd500000)
 ParOldGen       total 147968K, used 104114K [0x00000000c0000000, 0x00000000c9080000, 0x00000000eab00000)
  object space 147968K, 70% used [0x00000000c0000000,0x00000000c65aca38,0x00000000c9080000)
 Metaspace       used 5936K, capacity 7024K, committed 7296K, reserved 1056768K
  class space    used 561K, capacity 616K, committed 640K, reserved 1048576K
Event: 2.315 GC heap after
Heap after GC invocations=7 (full 2):
 PSYoungGen      total 138240K, used 0K [0x00000000eab00000, 0x00000000fd500000, 0x0000000100000000)
  eden space 133120K, 0% used [0x00000000eab00000,0x00000000eab00000,0x00000000f2d00000)
  from space 5120K, 0% used [0x00000000f2d00000,0x00000000f2d00000,0x00000000f3200000)
  to   space 60928K, 0% used [0x00000000f9980000,0x00000000f9980000,0x00000000fd500000)
 ParOldGen       total 147968K, used 103081K [0x00000000c0000000, 0x00000000c9080000, 0x00000000eab00000)
  object space 147968K, 69% used [0x00000000c0000000,0x00000000c64aa5a0,0x00000000c9080000)
 Metaspace       used 5936K, capacity 7024K, committed 7296K, reserved 1056768K
  class space    used 561K, capacity 616K, committed 640K, reserved 1048576K
}
Event: 2.863 GC heap before
{Heap before GC invocations=8 (full 3):
 PSYoungGen      total 138240K, used 133120K [0x00000000eab00000, 0x00000000fd500000, 0x0000000100000000)
  eden space 133120K, 100% used [0x00000000eab00000,0x00000000f2d00000,0x00000000f2d00000)
  from space 5120K, 0% used [0x00000000f2d00000,0x00000000f2d00000,0x00000000f3200000)
  to   space 60928K, 0% used [0x00000000f9980000,0x00000000f9980000,0x00000000fd500000)
 ParOldGen       total 147968K, used 103081K [0x00000000c0000000, 0x00000000c9080000, 0x00000000eab00000)
  object space 147968K, 69% used [0x00000000c0000000,0x00000000c64aa5a0,0x00000000c9080000)
 Metaspace       used 6011K, capacity 7088K, committed 7296K, reserved 1056768K
  class space    used 561K, capacity 616K, committed 640K, reserved 1048576K
Event: 4.418 GC heap after
Heap after GC invocations=8 (full 3):
 PSYoungGen      total 138240K, used 0K [0x00000000eab00000, 0x00000000fd500000, 0x0000000100000000)
  eden space 133120K, 0% used [0x00000000eab00000,0x00000000eab00000,0x00000000f2d00000)
  from space 5120K, 0% used [0x00000000f2d00000,0x00000000f2d00000,0x00000000f3200000)
  to   space 60928K, 0% used [0x00000000f9980000,0x00000000f9980000,0x00000000fd500000)
 ParOldGen       total 147968K, used 77201K [0x00000000c0000000, 0x00000000c9080000, 0x00000000eab00000)
  object space 147968K, 52% used [0x00000000c0000000,0x00000000c4b64510,0x00000000c9080000)
 Metaspace       used 6011K, capacity 7088K, committed 7296K, reserved 1056768K
  class space    used 561K, capacity 616K, committed 640K, reserved 1048576K
}

Deoptimization events (10 events):
Event: 0.868 Thread 0x00000000160da000 Uncommon trap: reason=class_check action=maybe_recompile pc=0x0000000002658ac0 method=com.android.dx.rop.code.RegisterSpec.withSimpleType()Lcom/android/dx/rop/code/RegisterSpec; @ 6
Event: 0.868 Thread 0x00000000160da000 Uncommon trap: reason=class_check action=maybe_recompile pc=0x0000000002658ac0 method=com.android.dx.rop.code.RegisterSpec.withSimpleType()Lcom/android/dx/rop/code/RegisterSpec; @ 6
Event: 0.878 Thread 0x00000000160da000 Uncommon trap: reason=class_check action=maybe_recompile pc=0x0000000002658ac0 method=com.android.dx.rop.code.RegisterSpec.withSimpleType()Lcom/android/dx/rop/code/RegisterSpec; @ 6
Event: 0.884 Thread 0x00000000160da000 Uncommon trap: reason=class_check action=maybe_recompile pc=0x0000000002658ac0 method=com.android.dx.rop.code.RegisterSpec.withSimpleType()Lcom/android/dx/rop/code/RegisterSpec; @ 6
Event: 1.713 Thread 0x0000000016211800 Uncommon trap: reason=class_check action=maybe_recompile pc=0x0000000002687794 method=com.android.dx.ssa.SsaConverter.placePhiFunctions(Lcom/android/dx/ssa/SsaMethod;Lcom/android/dx/ssa/LocalVariableInfo;I)V @ 257
Event: 1.755 Thread 0x00000000160cb800 Uncommon trap: reason=class_check action=maybe_recompile pc=0x0000000002687794 method=com.android.dx.ssa.SsaConverter.placePhiFunctions(Lcom/android/dx/ssa/SsaMethod;Lcom/android/dx/ssa/LocalVariableInfo;I)V @ 257
Event: 1.756 Thread 0x0000000001f60800 Uncommon trap: reason=class_check action=maybe_recompile pc=0x0000000002687794 method=com.android.dx.ssa.SsaConverter.placePhiFunctions(Lcom/android/dx/ssa/SsaMethod;Lcom/android/dx/ssa/LocalVariableInfo;I)V @ 257
Event: 2.503 Thread 0x0000000001f60800 Uncommon trap: reason=unstable_if action=reinterpret pc=0x00000000026b938c method=com.android.dx.rop.code.RegisterSpecSet.put(Lcom/android/dx/rop/code/RegisterSpec;)V @ 77
Event: 2.503 Thread 0x0000000001f60800 Uncommon trap: reason=unstable_if action=reinterpret pc=0x00000000023ab4e4 method=com.android.dx.rop.code.RegisterSpecSet.put(Lcom/android/dx/rop/code/RegisterSpec;)V @ 77
Event: 2.504 Thread 0x0000000001f60800 Uncommon trap: reason=unstable_if action=reinterpret pc=0x00000000026c7714 method=com.android.dx.rop.code.RegisterSpecSet.put(Lcom/android/dx/rop/code/RegisterSpec;)V @ 77

Internal exceptions (2 events):
Event: 0.020 Thread 0x0000000001f60800 Exception <a 'java/lang/NoSuchMethodError': Method sun.misc.Unsafe.defineClass(Ljava/lang/String;[BII)Ljava/lang/Class; name or signature does not match> (0x00000000eab07cc0) thrown at [C:\src\android\AOSP-openjdk\external\jetbrains\jdk\hotspot\src\share\vªMD~”?
Event: 0.020 Thread 0x0000000001f60800 Exception <a 'java/lang/NoSuchMethodError': Method sun.misc.Unsafe.prefetchRead(Ljava/lang/Object;J)V name or signature does not match> (0x00000000eab07fa8) thrown at [C:\src\android\AOSP-openjdk\external\jetbrains\jdk\hotspot\src\share\vm\prims\jni.cpp, l

Events (10 events):
Event: 2.759 Thread 0x0000000001f60800 DEOPT PACKING pc=0x0000000002452aec sp=0x0000000001e5e060
Event: 2.759 Thread 0x0000000001f60800 DEOPT UNPACKING pc=0x00000000020a75bf sp=0x0000000001e5dde0 mode 0
Event: 2.809 Executing VM operation: ParallelGCFailedAllocation
Event: 4.418 Executing VM operation: ParallelGCFailedAllocation done
Event: 4.440 Thread 0x0000000016211800 DEOPT PACKING pc=0x0000000002739de0 sp=0x0000000016b6eb70
Event: 4.440 Thread 0x0000000016211800 DEOPT UNPACKING pc=0x00000000020a75bf sp=0x0000000016b6e9a0 mode 0
Event: 4.441 Thread 0x00000000160da000 DEOPT PACKING pc=0x0000000002452aec sp=0x000000001696e9f0
Event: 4.441 Thread 0x00000000160da000 DEOPT UNPACKING pc=0x00000000020a75bf sp=0x000000001696e770 mode 0
Event: 4.508 Thread 0x00000000160da000 DEOPT PACKING pc=0x0000000002739dc9 sp=0x000000001696e9a0
Event: 4.508 Thread 0x00000000160da000 DEOPT UNPACKING pc=0x00000000020a75bf sp=0x000000001696e7d0 mode 0


Dynamic libraries:
0x00007ff7f1300000 - 0x00007ff7f1331000 	C:\Program Files\Android\Android Studio\jre\bin\java.exe
0x00007ffe7eb30000 - 0x00007ffe7ecf2000 	C:\Windows\SYSTEM32\ntdll.dll
0x00007ffe7cd50000 - 0x00007ffe7cdfd000 	C:\Windows\system32\KERNEL32.DLL
0x00007ffe7bd50000 - 0x00007ffe7bf2d000 	C:\Windows\system32\KERNELBASE.dll
0x00007ffe7ce10000 - 0x00007ffe7ceb6000 	C:\Windows\system32\ADVAPI32.dll
0x00007ffe7d1d0000 - 0x00007ffe7d26d000 	C:\Windows\system32\msvcrt.dll
0x00007ffe7c980000 - 0x00007ffe7c9db000 	C:\Windows\system32\sechost.dll
0x00007ffe7d270000 - 0x00007ffe7d396000 	C:\Windows\system32\RPCRT4.dll
0x00007ffe7cc00000 - 0x00007ffe7cd4e000 	C:\Windows\system32\USER32.dll
0x00007ffe7c480000 - 0x00007ffe7c605000 	C:\Windows\system32\GDI32.dll
0x00007ffe65d80000 - 0x00007ffe65ff4000 	C:\Windows\WinSxS\amd64_microsoft.windows.common-controls_6595b64144ccf1df_6.0.10240.16384_none_f41f7b285750ef43\COMCTL32.dll
0x00007ffe7c800000 - 0x00007ffe7c836000 	C:\Windows\system32\IMM32.DLL
0x00007ffe7caa0000 - 0x00007ffe7cbfc000 	C:\Windows\system32\MSCTF.dll
0x00000000701b0000 - 0x0000000070282000 	C:\Program Files\Android\Android Studio\jre\jre\bin\msvcr100.dll
0x0000000070410000 - 0x0000000070c44000 	C:\Program Files\Android\Android Studio\jre\jre\bin\server\jvm.dll
0x00007ffe7c7e0000 - 0x00007ffe7c7e8000 	C:\Windows\system32\PSAPI.DLL
0x00007ffe5ed60000 - 0x00007ffe5ed69000 	C:\Windows\SYSTEM32\WSOCK32.dll
0x00007ffe7d100000 - 0x00007ffe7d169000 	C:\Windows\system32\WS2_32.dll
0x00007ffe7c7f0000 - 0x00007ffe7c7f8000 	C:\Windows\system32\NSI.dll
0x00007ffe713b0000 - 0x00007ffe713d3000 	C:\Windows\SYSTEM32\WINMM.dll
0x00007ffe72d20000 - 0x00007ffe72d2a000 	C:\Windows\SYSTEM32\VERSION.dll
0x00007ffe6edc0000 - 0x00007ffe6edec000 	C:\Windows\SYSTEM32\WINMMBASE.dll
0x00007ffe7c1b0000 - 0x00007ffe7c1f4000 	C:\Windows\system32\cfgmgr32.dll
0x00007ffe79ed0000 - 0x00007ffe79ef7000 	C:\Windows\SYSTEM32\DEVOBJ.dll
0x00007ffe67a90000 - 0x00007ffe67a9f000 	C:\Program Files\Android\Android Studio\jre\jre\bin\verify.dll
0x00007ffe65950000 - 0x00007ffe65979000 	C:\Program Files\Android\Android Studio\jre\jre\bin\java.dll
0x00007ffe658e0000 - 0x00007ffe658f6000 	C:\Program Files\Android\Android Studio\jre\jre\bin\zip.dll
0x00007ffe7d3a0000 - 0x00007ffe7e8c5000 	C:\Windows\system32\SHELL32.dll
0x00007ffe7b720000 - 0x00007ffe7bd48000 	C:\Windows\system32\windows.storage.dll
0x00007ffe7c200000 - 0x00007ffe7c47c000 	C:\Windows\system32\combase.dll
0x00007ffe7c610000 - 0x00007ffe7c661000 	C:\Windows\system32\shlwapi.dll
0x00007ffe7b5f0000 - 0x00007ffe7b5ff000 	C:\Windows\system32\kernel.appcore.dll
0x00007ffe7b600000 - 0x00007ffe7b6b3000 	C:\Windows\system32\shcore.dll
0x00007ffe7b560000 - 0x00007ffe7b5aa000 	C:\Windows\system32\powrprof.dll
0x00007ffe7b5b0000 - 0x00007ffe7b5c3000 	C:\Windows\system32\profapi.dll

VM Arguments:
jvm_args: -Djava.awt.headless=true -Xmx1024M -Dfile.encoding=windows-1256 -Duser.country=US -Duser.language=en -Duser.variant 
java_command: com.android.dx.command.Main --dex --force-jumbo --num-threads=4 --multi-dex --output C:\Users\FCC\Desktop\repos\mahanRepo\AspaMahan\app\build\intermediates\transforms\dex\debug\folders\1000\5\slice_3 C:\Users\FCC\Desktop\repos\mahanRepo\AspaMahan\app\build\intermediates\transforms\instantRunSlicer\debug\folders\1\5\slice_3
java_class_path (initial): C:\Users\FCC\AppData\Local\Android\AndroidSDK\build-tools\23.0.3\lib\dx.jar
Launcher Type: SUN_STANDARD

Environment Variables:
PATH=C:\ProgramData\Oracle\Java\javapath;C:\Program Files\Microsoft MPI\Bin\;C:\Program Files (x86)\Intel\iCLS Client\;C:\Program Files\Intel\iCLS Client\;C:\Windows\system32;C:\Windows;C:\Windows\System32\Wbem;C:\Windows\System32\WindowsPowerShell\v1.0\;C:\Program Files (x86)\Intel\Intel(R) Management Engine Components\DAL;C:\Program Files\Intel\Intel(R) Management Engine Components\DAL;C:\Program Files (x86)\Intel\Intel(R) Management Engine Components\IPT;C:\Program Files\Intel\Intel(R) Management Engine Components\IPT;C:\Program Files\Microsoft SQL Server\120\Tools\Binn\;C:\Program Files\Microsoft SQL Server\130\Tools\Binn\;C:\Program Files (x86)\Microsoft SQL Server\130\Tools\Binn\;C:\Program Files (x86)\Microsoft SQL Server\130\DTS\Binn\;C:\Program Files\Microsoft SQL Server\130\DTS\Binn\;C:\Program Files\Microsoft SQL Server\Client SDK\ODBC\130\Tools\Binn\;C:\Program Files\Git\cmd
USERNAME=FCC
OS=Windows_NT
PROCESSOR_IDENTIFIER=Intel64 Family 6 Model 94 Stepping 3, GenuineIntel



---------------  S Y S T E M  ---------------

OS: Windows 10.0 , 64 bit Build 10240 (10.0.10240.16384)

CPU:total 4 (4 cores per cpu, 1 threads per core) family 6 model 94 stepping 3, cmov, cx8, fxsr, mmx, sse, sse2, sse3, ssse3, sse4.1, sse4.2, popcnt, avx, avx2, aes, clmul, erms, rtm, 3dnowpref, lzcnt, tsc, tscinvbit, bmi1, bmi2, adx

Memory: 4k page, physical 8261104k(292484k free), swap 14411252k(5720k free)

vm_info: OpenJDK 64-Bit Server VM (25.76-b03) for windows-amd64 JRE (1.8.0_76-release-b03), built on Jun 29 2016 19:09:20 by "ralucas" with MS VC++ 10.0 (VS2010)

time: Sun Feb 19 14:46:36 2017
elapsed time: 4 seconds (0d 0h 0m 4s)

